<?xml version="1.0" encoding="UTF-8"?>
<!-- Generated by org.testng.reporters.JUnitXMLReporter -->
<testsuite ignored="27" hostname="DESKTOP-570GG52" failures="1" tests="1" name="Default test" time="122.296" errors="0" timestamp="2025-07-28T22:01:07 IST">
  <testcase classname="com.report.test.transaction" name="getBankMid" time="105.044">
    <failure type="java.lang.NullPointerException" message="Cannot invoke &amp;quot;org.openqa.selenium.WebDriver.findElements(org.openqa.selenium.By)&amp;quot; because &amp;quot;driver&amp;quot; is null">
      <![CDATA[java.lang.NullPointerException: Cannot invoke "org.openqa.selenium.WebDriver.findElements(org.openqa.selenium.By)" because "driver" is null
at org.openqa.selenium.support.ui.ExpectedConditions$8.apply(ExpectedConditions.java:221)
at org.openqa.selenium.support.ui.ExpectedConditions$8.apply(ExpectedConditions.java:218)
at org.openqa.selenium.support.ui.FluentWait.until(FluentWait.java:203)
at com.paysecure_Report.pages.transactionPage_first.viewMID(transactionPage_first.java:111)
at com.paysecure_Report.pages.transactionPage_first.compareMidLists(transactionPage_first.java:182)
at com.report.test.transaction.getBankMid(transaction.java:358)
at java.base/jdk.internal.reflect.DirectMethodHandleAccessor.invoke(DirectMethodHandleAccessor.java:103)
at java.base/java.lang.reflect.Method.invoke(Method.java:580)
at org.testng.internal.invokers.MethodInvocationHelper.invokeMethod(MethodInvocationHelper.java:141)
at org.testng.internal.invokers.TestInvoker.invokeMethod(TestInvoker.java:687)
at org.testng.internal.invokers.TestInvoker.invokeTestMethod(TestInvoker.java:230)
at org.testng.internal.invokers.MethodRunner.runInSequence(MethodRunner.java:63)
at org.testng.internal.invokers.TestInvoker$MethodInvocationAgent.invoke(TestInvoker.java:995)
at org.testng.internal.invokers.TestInvoker.invokeTestMethods(TestInvoker.java:203)
at org.testng.internal.invokers.TestMethodWorker.invokeTestMethods(TestMethodWorker.java:154)
at org.testng.internal.invokers.TestMethodWorker.run(TestMethodWorker.java:134)
at java.base/java.util.ArrayList.forEach(ArrayList.java:1596)
at org.testng.TestRunner.privateRun(TestRunner.java:741)
at org.testng.TestRunner.run(TestRunner.java:616)
at org.testng.SuiteRunner.runTest(SuiteRunner.java:421)
at org.testng.SuiteRunner.runSequentially(SuiteRunner.java:413)
at org.testng.SuiteRunner.privateRun(SuiteRunner.java:373)
at org.testng.SuiteRunner.run(SuiteRunner.java:312)
at org.testng.SuiteRunnerWorker.runSuite(SuiteRunnerWorker.java:52)
at org.testng.SuiteRunnerWorker.run(SuiteRunnerWorker.java:95)
at org.testng.TestNG.runSuitesSequentially(TestNG.java:1274)
at org.testng.TestNG.runSuitesLocally(TestNG.java:1208)
at org.testng.TestNG.runSuites(TestNG.java:1112)
at org.testng.TestNG.run(TestNG.java:1079)
at org.testng.remote.AbstractRemoteTestNG.run(AbstractRemoteTestNG.java:115)
at org.testng.remote.RemoteTestNG.initAndRun(RemoteTestNG.java:293)
at org.testng.remote.RemoteTestNG.main(RemoteTestNG.java:91)
]]>
    </failure>
  </testcase> <!-- getBankMid -->
  <testcase classname="com.report.test.transaction" name="testTIDInHistoryCardSummarypage" time="0.0">
    <ignored/>
  </testcase> <!-- testTIDInHistoryCardSummarypage -->
  <testcase classname="com.report.test.transaction" name="transactionUsingSelectBank" time="0.0">
    <ignored/>
  </testcase> <!-- transactionUsingSelectBank -->
  <testcase classname="com.report.test.transaction" name="verifyPurchaseID_EmailSummaryPage" time="0.0">
    <ignored/>
  </testcase> <!-- verifyPurchaseID_EmailSummaryPage -->
  <testcase classname="com.report.test.transaction" name="selectTimeZoneAndVerify" time="0.0">
    <ignored/>
  </testcase> <!-- selectTimeZoneAndVerify -->
  <testcase classname="com.report.test.transaction" name="selectMIDBasedOnBank" time="0.0">
    <ignored/>
  </testcase> <!-- selectMIDBasedOnBank -->
  <testcase classname="com.report.test.transaction" name="verifyTransactionIDAndStatus_Paid123" time="0.0">
    <ignored/>
  </testcase> <!-- verifyTransactionIDAndStatus_Paid123 -->
  <testcase classname="com.report.test.transaction" name="testClickFirstEmailOccurrenceOf_Card" time="0.0">
    <ignored/>
  </testcase> <!-- testClickFirstEmailOccurrenceOf_Card -->
  <testcase classname="com.report.test.transaction" name="allActionOnTransactionPage" time="0.0">
    <ignored/>
  </testcase> <!-- allActionOnTransactionPage -->
  <testcase classname="com.report.test.transaction" name="selectDateRangeToAndFrom" time="0.0">
    <ignored/>
  </testcase> <!-- selectDateRangeToAndFrom -->
  <testcase classname="com.report.test.transaction" name="verifyIfLastStatusIsCreatedExpiredErrorThenCheckForpaidOn" time="0.0">
    <ignored/>
  </testcase> <!-- verifyIfLastStatusIsCreatedExpiredErrorThenCheckForpaidOn -->
  <testcase classname="com.report.test.transaction" name="testClickFirstValid_TransactionOnCardOage" time="0.0">
    <ignored/>
  </testcase> <!-- testClickFirstValid_TransactionOnCardOage -->
  <testcase classname="com.report.test.transaction" name="verifyTransactionIDAndStatus_Paid" time="0.0">
    <ignored/>
  </testcase> <!-- verifyTransactionIDAndStatus_Paid -->
  <testcase classname="com.report.test.transaction" name="transactionUsingSelectMerchant" time="0.0">
    <ignored/>
  </testcase> <!-- transactionUsingSelectMerchant -->
  <testcase classname="com.report.test.transaction" name="status" time="0.0">
    <ignored/>
  </testcase> <!-- status -->
  <testcase classname="com.report.test.transaction" name="get_All_Bank_Name" time="0.0">
    <ignored/>
  </testcase> <!-- get_All_Bank_Name -->
  <testcase classname="com.report.test.transaction" name="iterateAllTable_Pages" time="0.0">
    <ignored/>
  </testcase> <!-- iterateAllTable_Pages -->
  <testcase classname="com.report.test.transaction" name="validtePaginationInEmailSummaryPage" time="0.0">
    <ignored/>
  </testcase> <!-- validtePaginationInEmailSummaryPage -->
  <testcase classname="com.report.test.transaction" name="verifyTransaCTIONidIn_ActionPage" time="0.0">
    <ignored/>
  </testcase> <!-- verifyTransaCTIONidIn_ActionPage -->
  <testcase classname="com.report.test.transaction" name="filter_Transaction_And_Open_Detail_Page" time="0.0">
    <ignored/>
  </testcase> <!-- filter_Transaction_And_Open_Detail_Page -->
  <testcase classname="com.report.test.transaction" name="testTIDInActionCardSummarypage" time="0.0">
    <ignored/>
  </testcase> <!-- testTIDInActionCardSummarypage -->
  <testcase classname="com.report.test.transaction" name="verifyErrorIn_downloadInvoice" time="0.0">
    <ignored/>
  </testcase> <!-- verifyErrorIn_downloadInvoice -->
  <testcase classname="com.report.test.transaction" name="verifyIfLastStatusIsPaidChargebackThenCheckForpaidOn" time="0.0">
    <ignored/>
  </testcase> <!-- verifyIfLastStatusIsPaidChargebackThenCheckForpaidOn -->
  <testcase classname="com.report.test.transaction" name="selectDate" time="0.0">
    <ignored/>
  </testcase> <!-- selectDate -->
  <testcase classname="com.report.test.transaction" name="verify_downloadInvoice" time="0.0">
    <ignored/>
  </testcase> <!-- verify_downloadInvoice -->
  <testcase classname="com.report.test.transaction" name="selectCurrency" time="0.0">
    <ignored/>
  </testcase> <!-- selectCurrency -->
  <testcase classname="com.report.test.transaction" name="endToEndFlowOfTransaction" time="0.0">
    <ignored/>
  </testcase> <!-- endToEndFlowOfTransaction -->
  <testcase classname="com.report.test.transaction" name="transactionUsingSelectStatus" time="0.0">
    <ignored/>
  </testcase> <!-- transactionUsingSelectStatus -->
</testsuite> <!-- Default test -->
