<?xml version="1.0" encoding="UTF-8"?>
<!-- Generated by org.testng.reporters.JUnitXMLReporter -->
<testsuite ignored="1" hostname="DESKTOP-570GG52" failures="0" tests="8" name="Default test" time="229.476" errors="0" timestamp="2025-08-07T17:55:54 IST">
  <testcase classname="com.paysecure.banks.allbanks" name="verifyAddbank" time="9.056"/>
  <testcase classname="com.paysecure.banks.allbanks" name="clearTheSearchFieldAndCheckIt" time="35.308"/>
  <testcase classname="com.paysecure.banks.allbanks" name="afterSearchingRefreshThePage" time="4.945"/>
  <testcase classname="com.paysecure.banks.allbanks" name="validateShowAllButtonIsAlreadySelected" time="1.417"/>
  <testcase classname="com.paysecure.banks.allbanks" name="checkActiveStatusActiveAllBanks" time="36.922"/>
  <testcase classname="com.paysecure.banks.allbanks" name="checkInactiveStatusInactiveInAllBanks" time="2.804"/>
  <testcase classname="com.paysecure.banks.allbanks" name="verifyTableHeaderInAllbanks" time="0.056"/>
  <testcase classname="com.paysecure.banks.allbanks" name="validateForActiveAndInactiveBank" time="3.267"/>
  <testcase classname="com.paysecure.banks.allbanks" name="get_All_Bank_Name" time="0.0">
    <ignored/>
  </testcase> <!-- get_All_Bank_Name -->
</testsuite> <!-- Default test -->
