<?xml version="1.0" encoding="UTF-8"?>
<testng-results ignored="1" total="9" passed="8" failed="0" skipped="0">
  <reporter-output>
    <line>
      <![CDATA[User enter ID in Username field]]>
    </line>
    <line>
      <![CDATA[User Enter Password in password field]]>
    </line>
    <line>
      <![CDATA[Click on submit button in login page]]>
    </line>
    <line>
      <![CDATA[User Click on Bank Module]]>
    </line>
    <line>
      <![CDATA[User Click on All Bank Sub Module]]>
    </line>
    <line>
      <![CDATA[User is on the Banks Page]]>
    </line>
    <line>
      <![CDATA[Verify that Add ban is enable]]>
    </line>
    <line>
      <![CDATA[User Click on the Add Bank button]]>
    </line>
    <line>
      <![CDATA[Verify user is on the Bank details Page]]>
    </line>
    <line>
      <![CDATA[User enter ID in Username field]]>
    </line>
    <line>
      <![CDATA[User Enter Password in password field]]>
    </line>
    <line>
      <![CDATA[Click on submit button in login page]]>
    </line>
    <line>
      <![CDATA[User Click on Bank Module]]>
    </line>
    <line>
      <![CDATA[User Click on All Bank Sub Module]]>
    </line>
    <line>
      <![CDATA[User is on the Banks Page]]>
    </line>
    <line>
      <![CDATA[Verify search text fiels is enable and ready to recive input from user ]]>
    </line>
    <line>
      <![CDATA[User Enter Bank name on the Search Bank name field :- SA3434434]]>
    </line>
    <line>
      <![CDATA[User click on search button]]>
    </line>
    <line>
      <![CDATA[User enter ID in Username field]]>
    </line>
    <line>
      <![CDATA[User Enter Password in password field]]>
    </line>
    <line>
      <![CDATA[Click on submit button in login page]]>
    </line>
    <line>
      <![CDATA[User Click on Bank Module]]>
    </line>
    <line>
      <![CDATA[User Click on All Bank Sub Module]]>
    </line>
    <line>
      <![CDATA[User is on the Banks Page]]>
    </line>
    <line>
      <![CDATA[Verify search text fiels is enable and ready to recive input from user ]]>
    </line>
    <line>
      <![CDATA[User Enter Bank name on the Search Bank name field :- CA]]>
    </line>
    <line>
      <![CDATA[User click on search button]]>
    </line>
    <line>
      <![CDATA[User enter ID in Username field]]>
    </line>
    <line>
      <![CDATA[User Enter Password in password field]]>
    </line>
    <line>
      <![CDATA[Click on submit button in login page]]>
    </line>
    <line>
      <![CDATA[User Click on Bank Module]]>
    </line>
    <line>
      <![CDATA[User Click on All Bank Sub Module]]>
    </line>
    <line>
      <![CDATA[User is on the Banks Page]]>
    </line>
    <line>
      <![CDATA[Expected headers: [BANK NAME, ACTION]]]>
    </line>
    <line>
      <![CDATA[Actual headers found: [BANK NAME, ACTION]]]>
    </line>
    <line>
      <![CDATA[Expected header count: 2]]>
    </line>
    <line>
      <![CDATA[Actual header count: 2]]>
    </line>
    <line>
      <![CDATA[Table header verification PASSED. Headers match exactly by name.]]>
    </line>
    <line>
      <![CDATA[User click on the Show All button]]>
    </line>
    <line>
      <![CDATA[User enter ID in Username field]]>
    </line>
    <line>
      <![CDATA[User Enter Password in password field]]>
    </line>
    <line>
      <![CDATA[Click on submit button in login page]]>
    </line>
    <line>
      <![CDATA[User Click on Bank Module]]>
    </line>
    <line>
      <![CDATA[User Click on All Bank Sub Module]]>
    </line>
    <line>
      <![CDATA[User is on the Banks Page]]>
    </line>
    <line>
      <![CDATA[Expected headers: [BANK NAME, ACTION]]]>
    </line>
    <line>
      <![CDATA[Actual headers found: [BANK NAME, ACTION]]]>
    </line>
    <line>
      <![CDATA[Expected header count: 2]]>
    </line>
    <line>
      <![CDATA[Actual header count: 2]]>
    </line>
    <line>
      <![CDATA[Table header verification PASSED. Headers match exactly by name.]]>
    </line>
    <line>
      <![CDATA[✅ All banks on all pages have 'Active' status]]>
    </line>
    <line>
      <![CDATA[User enter ID in Username field]]>
    </line>
    <line>
      <![CDATA[User Enter Password in password field]]>
    </line>
    <line>
      <![CDATA[Click on submit button in login page]]>
    </line>
    <line>
      <![CDATA[User Click on Bank Module]]>
    </line>
    <line>
      <![CDATA[User Click on All Bank Sub Module]]>
    </line>
    <line>
      <![CDATA[User is on the Banks Page]]>
    </line>
    <line>
      <![CDATA[Expected headers: [BANK NAME, ACTION]]]>
    </line>
    <line>
      <![CDATA[Actual headers found: [BANK NAME, ACTION]]]>
    </line>
    <line>
      <![CDATA[Expected header count: 2]]>
    </line>
    <line>
      <![CDATA[Actual header count: 2]]>
    </line>
    <line>
      <![CDATA[Table header verification PASSED. Headers match exactly by name.]]>
    </line>
    <line>
      <![CDATA[✅ All banks on the current page have 'Inactive' status]]>
    </line>
    <line>
      <![CDATA[User enter ID in Username field]]>
    </line>
    <line>
      <![CDATA[User Enter Password in password field]]>
    </line>
    <line>
      <![CDATA[Click on submit button in login page]]>
    </line>
    <line>
      <![CDATA[User Click on Bank Module]]>
    </line>
    <line>
      <![CDATA[User Click on All Bank Sub Module]]>
    </line>
    <line>
      <![CDATA[User is on the Banks Page]]>
    </line>
    <line>
      <![CDATA[Expected headers: [BANK NAME, ACTION]]]>
    </line>
    <line>
      <![CDATA[Actual headers found: [BANK NAME, ACTION]]]>
    </line>
    <line>
      <![CDATA[Expected header count: 2]]>
    </line>
    <line>
      <![CDATA[Actual header count: 2]]>
    </line>
    <line>
      <![CDATA[Table header verification PASSED. Headers match exactly by name.]]>
    </line>
    <line>
      <![CDATA[User enter ID in Username field]]>
    </line>
    <line>
      <![CDATA[User Enter Password in password field]]>
    </line>
    <line>
      <![CDATA[Click on submit button in login page]]>
    </line>
    <line>
      <![CDATA[User Click on Bank Module]]>
    </line>
    <line>
      <![CDATA[User Click on All Bank Sub Module]]>
    </line>
    <line>
      <![CDATA[User is on the Banks Page]]>
    </line>
    <line>
      <![CDATA[User click on the Show All button]]>
    </line>
    <line>
      <![CDATA[User clicked on the Active button]]>
    </line>
    <line>
      <![CDATA[User clicked on the Inactive button]]>
    </line>
  </reporter-output>
  <suite started-at="2025-08-07T17:52:05 IST" name="Default suite" finished-at="2025-08-07T17:55:54 IST" duration-ms="229476">
    <groups>
    </groups>
    <test started-at="2025-08-07T17:52:05 IST" name="Default test" finished-at="2025-08-07T17:55:54 IST" duration-ms="229476">
      <class name="com.paysecure.banks.allbanks">
        <test-method is-config="true" signature="loadConfig()[pri:0, instance:com.paysecure.banks.allbanks@2289aca5]" started-at="2025-08-07T17:52:05 IST" name="loadConfig" finished-at="2025-08-07T17:52:05 IST" duration-ms="57" status="PASS">
          <reporter-output>
          </reporter-output>
        </test-method> <!-- loadConfig -->
        <test-method is-config="true" signature="setup()[pri:0, instance:com.paysecure.banks.allbanks@2289aca5]" started-at="2025-08-07T17:52:05 IST" name="setup" finished-at="2025-08-07T17:52:12 IST" duration-ms="6346" status="PASS">
          <reporter-output>
          </reporter-output>
        </test-method> <!-- setup -->
        <test-method is-config="true" signature="setupPages()[pri:0, instance:com.paysecure.banks.allbanks@2289aca5]" started-at="2025-08-07T17:52:12 IST" name="setupPages" finished-at="2025-08-07T17:52:31 IST" duration-ms="19228" status="PASS">
          <reporter-output>
            <line>
              <![CDATA[User enter ID in Username field]]>
            </line>
            <line>
              <![CDATA[User Enter Password in password field]]>
            </line>
            <line>
              <![CDATA[Click on submit button in login page]]>
            </line>
            <line>
              <![CDATA[User Click on Bank Module]]>
            </line>
            <line>
              <![CDATA[User Click on All Bank Sub Module]]>
            </line>
            <line>
              <![CDATA[User is on the Banks Page]]>
            </line>
          </reporter-output>
        </test-method> <!-- setupPages -->
        <test-method signature="verifyAddbank()[pri:0, instance:com.paysecure.banks.allbanks@2289aca5]" started-at="2025-08-07T17:52:31 IST" name="verifyAddbank" finished-at="2025-08-07T17:52:40 IST" duration-ms="9056" status="PASS">
          <reporter-output>
            <line>
              <![CDATA[Verify that Add ban is enable]]>
            </line>
            <line>
              <![CDATA[User Click on the Add Bank button]]>
            </line>
            <line>
              <![CDATA[Verify user is on the Bank details Page]]>
            </line>
          </reporter-output>
        </test-method> <!-- verifyAddbank -->
        <test-method is-config="true" signature="failurMethod(org.testng.ITestResult)[pri:0, instance:com.paysecure.banks.allbanks@2289aca5]" started-at="2025-08-07T17:52:40 IST" name="failurMethod" finished-at="2025-08-07T17:52:40 IST" duration-ms="3" status="PASS">
          <params>
            <param index="0">
              <value>
                <![CDATA[[TestResult name=verifyAddbank status=SUCCESS method=allbanks.verifyAddbank()[pri:0, instance:com.paysecure.banks.allbanks@2289aca5] output=Verify that Add ban is enable]]]>
              </value>
            </param>
          </params>
          <reporter-output>
          </reporter-output>
        </test-method> <!-- failurMethod -->
        <test-method is-config="true" signature="setup()[pri:0, instance:com.paysecure.banks.allbanks@2289aca5]" started-at="2025-08-07T17:52:40 IST" name="setup" finished-at="2025-08-07T17:52:44 IST" duration-ms="4612" status="PASS">
          <reporter-output>
          </reporter-output>
        </test-method> <!-- setup -->
        <test-method is-config="true" signature="setupPages()[pri:0, instance:com.paysecure.banks.allbanks@2289aca5]" started-at="2025-08-07T17:52:44 IST" name="setupPages" finished-at="2025-08-07T17:52:54 IST" duration-ms="9589" status="PASS">
          <reporter-output>
            <line>
              <![CDATA[User enter ID in Username field]]>
            </line>
            <line>
              <![CDATA[User Enter Password in password field]]>
            </line>
            <line>
              <![CDATA[Click on submit button in login page]]>
            </line>
            <line>
              <![CDATA[User Click on Bank Module]]>
            </line>
            <line>
              <![CDATA[User Click on All Bank Sub Module]]>
            </line>
            <line>
              <![CDATA[User is on the Banks Page]]>
            </line>
          </reporter-output>
        </test-method> <!-- setupPages -->
        <test-method signature="clearTheSearchFieldAndCheckIt()[pri:1, instance:com.paysecure.banks.allbanks@2289aca5]" started-at="2025-08-07T17:52:54 IST" name="clearTheSearchFieldAndCheckIt" finished-at="2025-08-07T17:53:29 IST" duration-ms="35308" status="PASS">
          <reporter-output>
            <line>
              <![CDATA[Verify search text fiels is enable and ready to recive input from user ]]>
            </line>
            <line>
              <![CDATA[User Enter Bank name on the Search Bank name field :- SA3434434]]>
            </line>
            <line>
              <![CDATA[User click on search button]]>
            </line>
          </reporter-output>
        </test-method> <!-- clearTheSearchFieldAndCheckIt -->
        <test-method is-config="true" signature="failurMethod(org.testng.ITestResult)[pri:0, instance:com.paysecure.banks.allbanks@2289aca5]" started-at="2025-08-07T17:53:29 IST" name="failurMethod" finished-at="2025-08-07T17:53:29 IST" duration-ms="1" status="PASS">
          <params>
            <param index="0">
              <value>
                <![CDATA[[TestResult name=clearTheSearchFieldAndCheckIt status=SUCCESS method=allbanks.clearTheSearchFieldAndCheckIt()[pri:1, instance:com.paysecure.banks.allbanks@2289aca5] output=Verify search text fiels is enable and ready to recive input from user ]]]>
              </value>
            </param>
          </params>
          <reporter-output>
          </reporter-output>
        </test-method> <!-- failurMethod -->
        <test-method is-config="true" signature="setup()[pri:0, instance:com.paysecure.banks.allbanks@2289aca5]" started-at="2025-08-07T17:53:29 IST" name="setup" finished-at="2025-08-07T17:53:34 IST" duration-ms="4583" status="PASS">
          <reporter-output>
          </reporter-output>
        </test-method> <!-- setup -->
        <test-method is-config="true" signature="setupPages()[pri:0, instance:com.paysecure.banks.allbanks@2289aca5]" started-at="2025-08-07T17:53:34 IST" name="setupPages" finished-at="2025-08-07T17:53:43 IST" duration-ms="9554" status="PASS">
          <reporter-output>
            <line>
              <![CDATA[User enter ID in Username field]]>
            </line>
            <line>
              <![CDATA[User Enter Password in password field]]>
            </line>
            <line>
              <![CDATA[Click on submit button in login page]]>
            </line>
            <line>
              <![CDATA[User Click on Bank Module]]>
            </line>
            <line>
              <![CDATA[User Click on All Bank Sub Module]]>
            </line>
            <line>
              <![CDATA[User is on the Banks Page]]>
            </line>
          </reporter-output>
        </test-method> <!-- setupPages -->
        <test-method signature="afterSearchingRefreshThePage()[pri:2, instance:com.paysecure.banks.allbanks@2289aca5]" started-at="2025-08-07T17:53:43 IST" name="afterSearchingRefreshThePage" finished-at="2025-08-07T17:53:48 IST" duration-ms="4945" status="PASS">
          <reporter-output>
            <line>
              <![CDATA[Verify search text fiels is enable and ready to recive input from user ]]>
            </line>
            <line>
              <![CDATA[User Enter Bank name on the Search Bank name field :- CA]]>
            </line>
            <line>
              <![CDATA[User click on search button]]>
            </line>
          </reporter-output>
        </test-method> <!-- afterSearchingRefreshThePage -->
        <test-method is-config="true" signature="failurMethod(org.testng.ITestResult)[pri:0, instance:com.paysecure.banks.allbanks@2289aca5]" started-at="2025-08-07T17:53:48 IST" name="failurMethod" finished-at="2025-08-07T17:53:48 IST" duration-ms="0" status="PASS">
          <params>
            <param index="0">
              <value>
                <![CDATA[[TestResult name=afterSearchingRefreshThePage status=SUCCESS method=allbanks.afterSearchingRefreshThePage()[pri:2, instance:com.paysecure.banks.allbanks@2289aca5] output=Verify search text fiels is enable and ready to recive input from user ]]]>
              </value>
            </param>
          </params>
          <reporter-output>
          </reporter-output>
        </test-method> <!-- failurMethod -->
        <test-method is-config="true" signature="setup()[pri:0, instance:com.paysecure.banks.allbanks@2289aca5]" started-at="2025-08-07T17:53:48 IST" name="setup" finished-at="2025-08-07T17:53:53 IST" duration-ms="4922" status="PASS">
          <reporter-output>
          </reporter-output>
        </test-method> <!-- setup -->
        <test-method is-config="true" signature="setupPages()[pri:0, instance:com.paysecure.banks.allbanks@2289aca5]" started-at="2025-08-07T17:53:53 IST" name="setupPages" finished-at="2025-08-07T17:54:05 IST" duration-ms="11302" status="PASS">
          <reporter-output>
            <line>
              <![CDATA[User enter ID in Username field]]>
            </line>
            <line>
              <![CDATA[User Enter Password in password field]]>
            </line>
            <line>
              <![CDATA[Click on submit button in login page]]>
            </line>
            <line>
              <![CDATA[User Click on Bank Module]]>
            </line>
            <line>
              <![CDATA[User Click on All Bank Sub Module]]>
            </line>
            <line>
              <![CDATA[User is on the Banks Page]]>
            </line>
          </reporter-output>
        </test-method> <!-- setupPages -->
        <test-method signature="validateShowAllButtonIsAlreadySelected()[pri:3, instance:com.paysecure.banks.allbanks@2289aca5]" started-at="2025-08-07T17:54:05 IST" name="validateShowAllButtonIsAlreadySelected" finished-at="2025-08-07T17:54:06 IST" duration-ms="1417" status="PASS">
          <reporter-output>
            <line>
              <![CDATA[Expected headers: [BANK NAME, ACTION]]]>
            </line>
            <line>
              <![CDATA[Actual headers found: [BANK NAME, ACTION]]]>
            </line>
            <line>
              <![CDATA[Expected header count: 2]]>
            </line>
            <line>
              <![CDATA[Actual header count: 2]]>
            </line>
            <line>
              <![CDATA[Table header verification PASSED. Headers match exactly by name.]]>
            </line>
            <line>
              <![CDATA[User click on the Show All button]]>
            </line>
          </reporter-output>
        </test-method> <!-- validateShowAllButtonIsAlreadySelected -->
        <test-method is-config="true" signature="failurMethod(org.testng.ITestResult)[pri:0, instance:com.paysecure.banks.allbanks@2289aca5]" started-at="2025-08-07T17:54:06 IST" name="failurMethod" finished-at="2025-08-07T17:54:06 IST" duration-ms="16" status="PASS">
          <params>
            <param index="0">
              <value>
                <![CDATA[[TestResult name=validateShowAllButtonIsAlreadySelected status=SUCCESS method=allbanks.validateShowAllButtonIsAlreadySelected()[pri:3, instance:com.paysecure.banks.allbanks@2289aca5] output=Expected headers: [BANK NAME, ACTION]]]]>
              </value>
            </param>
          </params>
          <reporter-output>
          </reporter-output>
        </test-method> <!-- failurMethod -->
        <test-method is-config="true" signature="setup()[pri:0, instance:com.paysecure.banks.allbanks@2289aca5]" started-at="2025-08-07T17:54:06 IST" name="setup" finished-at="2025-08-07T17:54:11 IST" duration-ms="5135" status="PASS">
          <reporter-output>
          </reporter-output>
        </test-method> <!-- setup -->
        <test-method is-config="true" signature="setupPages()[pri:0, instance:com.paysecure.banks.allbanks@2289aca5]" started-at="2025-08-07T17:54:11 IST" name="setupPages" finished-at="2025-08-07T17:54:22 IST" duration-ms="10300" status="PASS">
          <reporter-output>
            <line>
              <![CDATA[User enter ID in Username field]]>
            </line>
            <line>
              <![CDATA[User Enter Password in password field]]>
            </line>
            <line>
              <![CDATA[Click on submit button in login page]]>
            </line>
            <line>
              <![CDATA[User Click on Bank Module]]>
            </line>
            <line>
              <![CDATA[User Click on All Bank Sub Module]]>
            </line>
            <line>
              <![CDATA[User is on the Banks Page]]>
            </line>
          </reporter-output>
        </test-method> <!-- setupPages -->
        <test-method signature="checkActiveStatusActiveAllBanks()[pri:4, instance:com.paysecure.banks.allbanks@2289aca5]" started-at="2025-08-07T17:54:22 IST" name="checkActiveStatusActiveAllBanks" finished-at="2025-08-07T17:54:58 IST" duration-ms="36922" status="PASS">
          <reporter-output>
            <line>
              <![CDATA[Expected headers: [BANK NAME, ACTION]]]>
            </line>
            <line>
              <![CDATA[Actual headers found: [BANK NAME, ACTION]]]>
            </line>
            <line>
              <![CDATA[Expected header count: 2]]>
            </line>
            <line>
              <![CDATA[Actual header count: 2]]>
            </line>
            <line>
              <![CDATA[Table header verification PASSED. Headers match exactly by name.]]>
            </line>
            <line>
              <![CDATA[✅ All banks on all pages have 'Active' status]]>
            </line>
          </reporter-output>
        </test-method> <!-- checkActiveStatusActiveAllBanks -->
        <test-method is-config="true" signature="failurMethod(org.testng.ITestResult)[pri:0, instance:com.paysecure.banks.allbanks@2289aca5]" started-at="2025-08-07T17:54:58 IST" name="failurMethod" finished-at="2025-08-07T17:54:58 IST" duration-ms="0" status="PASS">
          <params>
            <param index="0">
              <value>
                <![CDATA[[TestResult name=checkActiveStatusActiveAllBanks status=SUCCESS method=allbanks.checkActiveStatusActiveAllBanks()[pri:4, instance:com.paysecure.banks.allbanks@2289aca5] output=Expected headers: [BANK NAME, ACTION]]]]>
              </value>
            </param>
          </params>
          <reporter-output>
          </reporter-output>
        </test-method> <!-- failurMethod -->
        <test-method is-config="true" signature="setup()[pri:0, instance:com.paysecure.banks.allbanks@2289aca5]" started-at="2025-08-07T17:54:58 IST" name="setup" finished-at="2025-08-07T17:55:03 IST" duration-ms="4600" status="PASS">
          <reporter-output>
          </reporter-output>
        </test-method> <!-- setup -->
        <test-method is-config="true" signature="setupPages()[pri:0, instance:com.paysecure.banks.allbanks@2289aca5]" started-at="2025-08-07T17:55:03 IST" name="setupPages" finished-at="2025-08-07T17:55:16 IST" duration-ms="13197" status="PASS">
          <reporter-output>
            <line>
              <![CDATA[User enter ID in Username field]]>
            </line>
            <line>
              <![CDATA[User Enter Password in password field]]>
            </line>
            <line>
              <![CDATA[Click on submit button in login page]]>
            </line>
            <line>
              <![CDATA[User Click on Bank Module]]>
            </line>
            <line>
              <![CDATA[User Click on All Bank Sub Module]]>
            </line>
            <line>
              <![CDATA[User is on the Banks Page]]>
            </line>
          </reporter-output>
        </test-method> <!-- setupPages -->
        <test-method signature="checkInactiveStatusInactiveInAllBanks()[pri:5, instance:com.paysecure.banks.allbanks@2289aca5]" started-at="2025-08-07T17:55:16 IST" name="checkInactiveStatusInactiveInAllBanks" finished-at="2025-08-07T17:55:19 IST" duration-ms="2804" status="PASS">
          <reporter-output>
            <line>
              <![CDATA[Expected headers: [BANK NAME, ACTION]]]>
            </line>
            <line>
              <![CDATA[Actual headers found: [BANK NAME, ACTION]]]>
            </line>
            <line>
              <![CDATA[Expected header count: 2]]>
            </line>
            <line>
              <![CDATA[Actual header count: 2]]>
            </line>
            <line>
              <![CDATA[Table header verification PASSED. Headers match exactly by name.]]>
            </line>
            <line>
              <![CDATA[✅ All banks on the current page have 'Inactive' status]]>
            </line>
          </reporter-output>
        </test-method> <!-- checkInactiveStatusInactiveInAllBanks -->
        <test-method is-config="true" signature="setup()[pri:0, instance:com.paysecure.banks.allbanks@2289aca5]" started-at="2025-08-07T17:55:19 IST" name="setup" finished-at="2025-08-07T17:55:24 IST" duration-ms="5255" status="PASS">
          <reporter-output>
          </reporter-output>
        </test-method> <!-- setup -->
        <test-method is-config="true" signature="failurMethod(org.testng.ITestResult)[pri:0, instance:com.paysecure.banks.allbanks@2289aca5]" started-at="2025-08-07T17:55:19 IST" name="failurMethod" finished-at="2025-08-07T17:55:19 IST" duration-ms="0" status="PASS">
          <params>
            <param index="0">
              <value>
                <![CDATA[[TestResult name=checkInactiveStatusInactiveInAllBanks status=SUCCESS method=allbanks.checkInactiveStatusInactiveInAllBanks()[pri:5, instance:com.paysecure.banks.allbanks@2289aca5] output=Expected headers: [BANK NAME, ACTION]]]]>
              </value>
            </param>
          </params>
          <reporter-output>
          </reporter-output>
        </test-method> <!-- failurMethod -->
        <test-method is-config="true" signature="setupPages()[pri:0, instance:com.paysecure.banks.allbanks@2289aca5]" started-at="2025-08-07T17:55:24 IST" name="setupPages" finished-at="2025-08-07T17:55:35 IST" duration-ms="10177" status="PASS">
          <reporter-output>
            <line>
              <![CDATA[User enter ID in Username field]]>
            </line>
            <line>
              <![CDATA[User Enter Password in password field]]>
            </line>
            <line>
              <![CDATA[Click on submit button in login page]]>
            </line>
            <line>
              <![CDATA[User Click on Bank Module]]>
            </line>
            <line>
              <![CDATA[User Click on All Bank Sub Module]]>
            </line>
            <line>
              <![CDATA[User is on the Banks Page]]>
            </line>
          </reporter-output>
        </test-method> <!-- setupPages -->
        <test-method signature="verifyTableHeaderInAllbanks()[pri:6, instance:com.paysecure.banks.allbanks@2289aca5]" started-at="2025-08-07T17:55:35 IST" name="verifyTableHeaderInAllbanks" finished-at="2025-08-07T17:55:35 IST" duration-ms="56" status="PASS">
          <reporter-output>
            <line>
              <![CDATA[Expected headers: [BANK NAME, ACTION]]]>
            </line>
            <line>
              <![CDATA[Actual headers found: [BANK NAME, ACTION]]]>
            </line>
            <line>
              <![CDATA[Expected header count: 2]]>
            </line>
            <line>
              <![CDATA[Actual header count: 2]]>
            </line>
            <line>
              <![CDATA[Table header verification PASSED. Headers match exactly by name.]]>
            </line>
          </reporter-output>
        </test-method> <!-- verifyTableHeaderInAllbanks -->
        <test-method is-config="true" signature="failurMethod(org.testng.ITestResult)[pri:0, instance:com.paysecure.banks.allbanks@2289aca5]" started-at="2025-08-07T17:55:35 IST" name="failurMethod" finished-at="2025-08-07T17:55:35 IST" duration-ms="0" status="PASS">
          <params>
            <param index="0">
              <value>
                <![CDATA[[TestResult name=verifyTableHeaderInAllbanks status=SUCCESS method=allbanks.verifyTableHeaderInAllbanks()[pri:6, instance:com.paysecure.banks.allbanks@2289aca5] output=Expected headers: [BANK NAME, ACTION]]]]>
              </value>
            </param>
          </params>
          <reporter-output>
          </reporter-output>
        </test-method> <!-- failurMethod -->
        <test-method is-config="true" signature="setup()[pri:0, instance:com.paysecure.banks.allbanks@2289aca5]" started-at="2025-08-07T17:55:35 IST" name="setup" finished-at="2025-08-07T17:55:40 IST" duration-ms="5169" status="PASS">
          <reporter-output>
          </reporter-output>
        </test-method> <!-- setup -->
        <test-method is-config="true" signature="setupPages()[pri:0, instance:com.paysecure.banks.allbanks@2289aca5]" started-at="2025-08-07T17:55:40 IST" name="setupPages" finished-at="2025-08-07T17:55:51 IST" duration-ms="11357" status="PASS">
          <reporter-output>
            <line>
              <![CDATA[User enter ID in Username field]]>
            </line>
            <line>
              <![CDATA[User Enter Password in password field]]>
            </line>
            <line>
              <![CDATA[Click on submit button in login page]]>
            </line>
            <line>
              <![CDATA[User Click on Bank Module]]>
            </line>
            <line>
              <![CDATA[User Click on All Bank Sub Module]]>
            </line>
            <line>
              <![CDATA[User is on the Banks Page]]>
            </line>
          </reporter-output>
        </test-method> <!-- setupPages -->
        <test-method signature="validateForActiveAndInactiveBank()[pri:7, instance:com.paysecure.banks.allbanks@2289aca5]" started-at="2025-08-07T17:55:51 IST" name="validateForActiveAndInactiveBank" finished-at="2025-08-07T17:55:54 IST" duration-ms="3267" status="PASS">
          <reporter-output>
            <line>
              <![CDATA[User click on the Show All button]]>
            </line>
            <line>
              <![CDATA[User clicked on the Active button]]>
            </line>
            <line>
              <![CDATA[User clicked on the Inactive button]]>
            </line>
          </reporter-output>
        </test-method> <!-- validateForActiveAndInactiveBank -->
        <test-method is-config="true" signature="failurMethod(org.testng.ITestResult)[pri:0, instance:com.paysecure.banks.allbanks@2289aca5]" started-at="2025-08-07T17:55:54 IST" name="failurMethod" finished-at="2025-08-07T17:55:54 IST" duration-ms="0" status="PASS">
          <params>
            <param index="0">
              <value>
                <![CDATA[[TestResult name=validateForActiveAndInactiveBank status=SUCCESS method=allbanks.validateForActiveAndInactiveBank()[pri:7, instance:com.paysecure.banks.allbanks@2289aca5] output=User click on the Show All button]]]>
              </value>
            </param>
          </params>
          <reporter-output>
          </reporter-output>
        </test-method> <!-- failurMethod -->
        <test-method is-config="true" signature="tearDown()[pri:0, instance:com.paysecure.banks.allbanks@2289aca5]" started-at="2025-08-07T17:55:54 IST" name="tearDown" finished-at="2025-08-07T17:55:54 IST" duration-ms="0" status="PASS">
          <reporter-output>
          </reporter-output>
        </test-method> <!-- tearDown -->
      </class> <!-- com.paysecure.banks.allbanks -->
    </test> <!-- Default test -->
  </suite> <!-- Default suite -->
</testng-results>
